<?xml version="1.0" encoding="UTF-8"?>
<!-- Generated by org.testng.reporters.JUnitReportReporter -->
<testsuite ignored="0" hostname="Sowmya-Desktop" failures="0" tests="1" name="com.learnautomation.testcases.LoginTestCRM" time="3.244" errors="0" timestamp="23 Dec. 2022 04:41:53 GMT" skipped="0">
  <testcase classname="com.learnautomation.testcases.LoginTestCRM" name="loginApp" time="3.244"/>
</testsuite> <!-- com.learnautomation.testcases.LoginTestCRM -->
